c:\users\administrator\desktop\anytool\opengl_plusplusversion\debug\vc141.pdb
c:\users\administrator\desktop\anytool\opengl_plusplusversion\debug\vc141.idb
c:\users\administrator\desktop\anytool\opengl_plusplusversion\debug\opengl_ay_engine.obj
c:\users\administrator\desktop\anytool\opengl_plusplusversion\debug\opengl_define.obj
c:\users\administrator\desktop\anytool\opengl_plusplusversion\debug\bitmap.obj
c:\users\administrator\desktop\anytool\opengl_plusplusversion\debug\main.obj
c:\users\administrator\desktop\anytool\opengl_plusplusversion\debug\textures.obj
c:\users\administrator\desktop\anytool\opengl_plusplusversion\debug\std_image.obj
c:\users\administrator\desktop\anytool\opengl_plusplusversion\debug\stb_image_write.obj
c:\users\administrator\desktop\anytool\opengl_plusplusversion\debug\stb_image_resize.obj
c:\users\administrator\desktop\anytool\opengl_plusplusversion\debug\scene.obj
c:\users\administrator\desktop\anytool\opengl_plusplusversion\debug\object.obj
c:\users\administrator\desktop\anytool\opengl_plusplusversion\debug\gadget.obj
c:\users\administrator\desktop\anytool\opengl_plusplusversion\debug\cmatrix4.obj
c:\users\administrator\desktop\anytool\opengl_plusplusversion\debug\cmatrix3.obj
c:\users\administrator\desktop\anytool\opengl_plusplusversion\debug\cvictor2d.obj
c:\users\administrator\desktop\anytool\opengl_plusplusversion\debug\cvector3d.obj
c:\users\administrator\desktop\anytool\opengl_plusplusversion\debug\cmatrix_4.obj
c:\users\administrator\desktop\anytool\debug\opengl_plusplusversion.exe
c:\users\administrator\desktop\anytool\debug\opengl_plusplusversion.ilk
c:\users\administrator\desktop\anytool\debug\opengl_plusplusversion.pdb
c:\users\administrator\desktop\anytool\opengl_plusplusversion\debug\opengl_p.7745b131.tlog\cl.command.1.tlog
c:\users\administrator\desktop\anytool\opengl_plusplusversion\debug\opengl_p.7745b131.tlog\cl.read.1.tlog
c:\users\administrator\desktop\anytool\opengl_plusplusversion\debug\opengl_p.7745b131.tlog\cl.write.1.tlog
c:\users\administrator\desktop\anytool\opengl_plusplusversion\debug\opengl_p.7745b131.tlog\link.16508-cvtres.read.1.tlog
c:\users\administrator\desktop\anytool\opengl_plusplusversion\debug\opengl_p.7745b131.tlog\link.16508-cvtres.write.1.tlog
c:\users\administrator\desktop\anytool\opengl_plusplusversion\debug\opengl_p.7745b131.tlog\link.16508-rc.read.1.tlog
c:\users\administrator\desktop\anytool\opengl_plusplusversion\debug\opengl_p.7745b131.tlog\link.16508-rc.write.1.tlog
c:\users\administrator\desktop\anytool\opengl_plusplusversion\debug\opengl_p.7745b131.tlog\link.16508.read.1.tlog
c:\users\administrator\desktop\anytool\opengl_plusplusversion\debug\opengl_p.7745b131.tlog\link.16508.write.1.tlog
c:\users\administrator\desktop\anytool\opengl_plusplusversion\debug\opengl_p.7745b131.tlog\link.command.1.tlog
c:\users\administrator\desktop\anytool\opengl_plusplusversion\debug\opengl_p.7745b131.tlog\link.read.1.tlog
c:\users\administrator\desktop\anytool\opengl_plusplusversion\debug\opengl_p.7745b131.tlog\link.write.1.tlog
