c:\users\administrator\desktop\anytool\anytool\debug\anytool.pch
c:\users\administrator\desktop\anytool\anytool\debug\vc141.pdb
c:\users\administrator\desktop\anytool\anytool\debug\stdafx.obj
c:\users\administrator\desktop\anytool\anytool\debug\tool.obj
c:\users\administrator\desktop\anytool\anytool\debug\main_function.obj
c:\users\administrator\desktop\anytool\anytool\debug\cmybass.obj
c:\users\administrator\desktop\anytool\anytool\debug\bitbmp.obj
c:\users\administrator\desktop\anytool\anytool\debug\anytooldlg.obj
c:\users\administrator\desktop\anytool\anytool\debug\anytool.obj
c:\users\administrator\desktop\anytool\anytool\debug\.netframework,version=v4.0.assemblyattributes.obj
c:\users\administrator\desktop\anytool\anytool\debug\.netframework,version=v4.0.assemblyattributes.asm
c:\users\administrator\desktop\anytool\debug\anytool.exe
c:\users\administrator\desktop\anytool\debug\anytool.pdb
c:\users\administrator\desktop\anytool\anytool\debug\anytool.tlog\metagen.write.1.tlog
c:\users\administrator\desktop\anytool\anytool\debug\anytool.res
c:\users\administrator\desktop\anytool\anytool\debug\anytool.vcxprojassemblyreference.cache
c:\users\administrator\desktop\anytool\anytool\debug\anytool.tlog\cl.command.1.tlog
c:\users\administrator\desktop\anytool\anytool\debug\anytool.tlog\cl.read.1.tlog
c:\users\administrator\desktop\anytool\anytool\debug\anytool.tlog\cl.write.1.tlog
c:\users\administrator\desktop\anytool\anytool\debug\anytool.tlog\link.command.1.tlog
c:\users\administrator\desktop\anytool\anytool\debug\anytool.tlog\link.read.1.tlog
c:\users\administrator\desktop\anytool\anytool\debug\anytool.tlog\link.write.1.tlog
c:\users\administrator\desktop\anytool\anytool\debug\anytool.tlog\metagen.read.1.tlog
c:\users\administrator\desktop\anytool\anytool\debug\anytool.tlog\rc.command.1.tlog
c:\users\administrator\desktop\anytool\anytool\debug\anytool.tlog\rc.read.1.tlog
c:\users\administrator\desktop\anytool\anytool\debug\anytool.tlog\rc.write.1.tlog
c:\users\administrator\desktop\anytool\anytool\debug\anytool.tlog\csharpddos.dll.metagen
